<?xml version="1.0" encoding="UTF-8"?>
<testng-results ignored="0" total="1" passed="1" failed="0" skipped="0">
  <reporter-output>
  </reporter-output>
  <suite started-at="2021-04-02T00:34:06 CLST" name="Default suite" finished-at="2021-04-02T00:34:37 CLST" duration-ms="30987">
    <groups>
      <group name="cucumber">
        <method signature="AbstractTestNGCucumberTests.runScenario(io.cucumber.testng.PickleWrapper, io.cucumber.testng.FeatureWrapper)[pri:0, instance:TestRunner@543588e6]" name="runScenario" class="io.cucumber.testng.AbstractTestNGCucumberTests"/>
      </group> <!-- cucumber -->
    </groups>
    <test started-at="2021-04-02T00:34:06 CLST" name="Default test" finished-at="2021-04-02T00:34:37 CLST" duration-ms="30987">
      <class name="TestRunner">
        <test-method is-config="true" signature="setUpClass()[pri:0, instance:TestRunner@543588e6]" started-at="2021-04-02T00:34:06 CLST" name="setUpClass" finished-at="2021-04-02T00:34:07 CLST" duration-ms="702" status="PASS">
          <reporter-output>
          </reporter-output>
        </test-method> <!-- setUpClass -->
        <test-method signature="runScenario(io.cucumber.testng.PickleWrapper, io.cucumber.testng.FeatureWrapper)[pri:0, instance:TestRunner@543588e6]" started-at="2021-04-02T00:34:07 CLST" name="runScenario" description="Runs Cucumber Scenarios" data-provider="scenarios" finished-at="2021-04-02T00:34:35 CLST" duration-ms="27547" status="PASS">
          <params>
            <param index="0">
              <value>
                <![CDATA["Navegar y revisar resultado de un producto de una busqueda"]]>
              </value>
            </param>
            <param index="1">
              <value>
                <![CDATA["Optional[Captura de ficha tecnica de producto]"]]>
              </value>
            </param>
          </params>
          <reporter-output>
          </reporter-output>
        </test-method> <!-- runScenario -->
        <test-method is-config="true" signature="tearDownClass()[pri:0, instance:TestRunner@543588e6]" started-at="2021-04-02T00:34:35 CLST" name="tearDownClass" finished-at="2021-04-02T00:34:37 CLST" duration-ms="2674" status="PASS">
          <reporter-output>
          </reporter-output>
        </test-method> <!-- tearDownClass -->
      </class> <!-- TestRunner -->
    </test> <!-- Default test -->
  </suite> <!-- Default suite -->
</testng-results>
